TN:
SF:src\app.js
FN:13,(anonymous_0)
FN:18,(anonymous_1)
FNF:2
FNH:1
FNDA:0,(anonymous_0)
FNDA:1,(anonymous_1)
DA:1,1
DA:2,1
DA:3,1
DA:6,1
DA:9,1
DA:10,1
DA:13,1
DA:14,0
DA:17,1
DA:18,1
DA:19,1
DA:22,1
LF:12
LH:11
BRDA:17,0,0,1
BRDA:17,0,1,1
BRF:2
BRH:2
end_of_record
TN:
SF:src\routes\productos.js
FN:9,(anonymous_0)
FNF:1
FNH:1
FNDA:2,(anonymous_0)
DA:2,1
DA:3,1
DA:6,1
DA:9,1
DA:10,2
DA:11,2
DA:12,1
DA:14,1
DA:21,1
DA:22,1
DA:25,1
LF:11
LH:11
BRDA:11,0,0,1
BRDA:11,0,1,1
BRDA:11,1,0,2
BRDA:11,1,1,1
BRF:4
BRH:4
end_of_record
